
Chromatic CLI v7.6.0
https://www.chromatic.com/docs/cli

Authenticating with Chromatic
    → Connecting to https://index.chromatic.com
Authenticated with Chromatic
    → Using project token '****************6cb2'
Retrieving git information
⚠ Using outdated package
You are using an outdated version of the Chromatic CLI (v7.6.0).
A new major version is available (v10.1.0).
Run yarn upgrade chromatic --latest to upgrade.
Retrieved git information
    → Commit '0a4d4fe' on branch 'master'; found 1 parent build
Collecting Storybook metadata
Collected Storybook metadata
    → ; no supported addons found
Initializing build
Initialized build
    → Build 2 initialized
Building your Storybook
    → Running command: yarn run build --output-dir /var/folders/5w/ft468r392g99dk5b_ckw00y00000gn/T/chromatic--42797-0uoMoMqS48ve
Storybook built in 28 seconds
    → View build log at /Users/dominicgarms/Documents/Coding/react-native/kitchen-sink/apps/storybook-react/build-storybook.log
Publish your built Storybook
    → Validating Storybook files
Publishing your built Storybook
    → Retrieving target location
    → Starting publish
    → [                    ] 0%
    → [                    ] 2%
    → [=                   ] 3%
    → [=                   ] 4%
    → [=                   ] 5%
    → [=                   ] 7%
    → [==                  ] 8%
    → [==                  ] 10%
    → [==                  ] 12%
    → [===                 ] 16%
    → [====                ] 22%
    → [=====               ] 23%
    → [=====               ] 24%
    → [=====               ] 25%
    → [=====               ] 26%
    → [=====               ] 27%
    → [======              ] 28%
    → [======              ] 29%
    → [======              ] 30%
    → [======              ] 31%
    → [======              ] 32%
    → [=======             ] 33%
    → [=======             ] 34%
    → [=======             ] 35%
    → [=======             ] 36%
    → [========            ] 38%
    → [========            ] 39%
    → [========            ] 40%
    → [========            ] 41%
    → [========            ] 42%
    → [=========           ] 43%
    → [=========           ] 44%
    → [=========           ] 45%
    → [=========           ] 46%
    → [=========           ] 47%
    → [==========          ] 48%
    → [==========          ] 49%
    → [==========          ] 50%
    → [==========          ] 51%
    → [==========          ] 52%
    → [===========         ] 53%
    → [===========         ] 54%
    → [===========         ] 55%
    → [===========         ] 56%
    → [===========         ] 57%
    → [============        ] 58%
    → [============        ] 59%
    → [============        ] 60%
    → [============        ] 61%
    → [============        ] 62%
    → [=============       ] 63%
    → [=============       ] 64%
    → [=============       ] 67%
    → [==============      ] 69%
    → [==============      ] 70%
    → [==============      ] 71%
    → [==============      ] 72%
    → [===============     ] 73%
    → [===============     ] 74%
    → [===============     ] 75%
    → [===============     ] 76%
    → [===============     ] 77%
    → [================    ] 78%
    → [================    ] 79%
    → [================    ] 80%
    → [================    ] 81%
    → [================    ] 82%
    → [=================   ] 83%
    → [=================   ] 84%
    → [=================   ] 85%
    → [=================   ] 86%
    → [=================   ] 87%
    → [==================  ] 88%
    → [==================  ] 89%
    → [==================  ] 90%
    → [==================  ] 91%
    → [==================  ] 92%
    → [=================== ] 94%
    → [=================== ] 95%
    → [=================== ] 96%
    → [====================] 98%
    → [====================] 99%
    → [====================] 100%
Publish complete in 2 minutes 1 second
    → View your Storybook at https://65499e866ec46d761a07da83-myhiaemymf.chromatic.com
Verifying your Storybook
    → This may take a few minutes
    → Build verification timed out
